\BOOKMARK [1][-]{section.1}{Pref\341cio}{}% 1
\BOOKMARK [2][-]{subsection.1.1}{Conven\347\365es}{section.1}% 2
\BOOKMARK [2][-]{subsection.1.2}{Contatos para corre\347\365es ou d\372vidas}{section.1}% 3
\BOOKMARK [2][-]{subsection.1.3}{Bibliografia}{section.1}% 4
\BOOKMARK [2][-]{subsection.1.4}{Acr\364nimos e abrevia\347\365es}{section.1}% 5
\BOOKMARK [1][-]{section.2}{Introdu\347\343o}{}% 6
\BOOKMARK [2][-]{subsection.2.1}{Vis\343o Geral}{section.2}% 7
\BOOKMARK [1][-]{section.3}{Descri\347\343o dos sinais da interface}{}% 8
\BOOKMARK [2][-]{subsection.3.1}{Interface de Controle}{section.3}% 9
\BOOKMARK [2][-]{subsection.3.2}{RISC-V}{section.3}% 10
\BOOKMARK [2][-]{subsection.3.3}{AXI}{section.3}% 11
\BOOKMARK [2][-]{subsection.3.4}{JTAG}{section.3}% 12
\BOOKMARK [1][-]{section.4}{Descri\347\343o funcional}{}% 13
\BOOKMARK [2][-]{subsection.4.1}{XCGen}{section.4}% 14
\BOOKMARK [2][-]{subsection.4.2}{CORE}{section.4}% 15
\BOOKMARK [2][-]{subsection.4.3}{JTAG}{section.4}% 16
\BOOKMARK [2][-]{subsection.4.4}{AXI}{section.4}% 17
\BOOKMARK [2][-]{subsection.4.5}{Tool chain}{section.4}% 18
\BOOKMARK [1][-]{section.5}{Hands-On}{}% 19
\BOOKMARK [2][-]{subsection.5.1}{Instala\347\343o}{section.5}% 20
\BOOKMARK [2][-]{subsection.5.2}{Execu\347\343o}{section.5}% 21
\BOOKMARK [2][-]{subsection.5.3}{Fa\347a seu teste}{section.5}% 22
